\leftrightsquigarrow
\Longleftrightarrow
\longleftrightarrow
\blacktriangleright
\leftrightharpoons
\blacktriangledown
\twoheadrightarrow
\blacktriangleleft
\blacktrinagledown
\rightleftharpoons
\rightharpoondown
\vartriangleright
\downharpoonright
\circlearrowright
\twoheadleftarrow
\rightrightarrows
\ntrianglerighteq
\nLeftrightarrow
\leftrightarrows
\bigtriangledown
\leftharpoondown
\curvearrowright
\vartriangleleft
\rightthreetimes
\downharpoonleft
\rightsquigarrow
\rightleftarrows
\ntrianglelefteq
\circlearrowleft
\nleftrightarrow
\trianglerighteq
\leftthreetimes
\leftleftarrows
\hookrightarrow
\longrightarrow
\doublebarwedge
\upharpoonright
\sphericalangle
\rightarrowtail
\curvearrowleft
\overrightarrow
\Leftrightarrow
\ntriangleright
\Longrightarrow
\looparrowright
\dashrightarrow
\trianglelefteq
\rightharpoonup
\nshortparallel
\leftrightarrow
\downdownarrows
\ntriangleleft
\divideontimes
\overleftarrow
\varsupsetneqq
\shortparallel
\hookleftarrow
\looparrowleft
\smallsetminus
\dashleftarrow
\leftarrowtail
\fallingdotseq
\upharpoonleft
\triangleright
\Longleftarrow
\measuredangle
\leftharpoonup
\bigtriangleup
\varsubsetneqq
\longleftarrow
\blacktriangle
\blacklozenge
\risingdotseq
\triangleleft
\varsubsetneq
\triangledown
\varsupsetneq
\mathellipsis
\mathsterling
\circledcirc
\thickapprox
\curlyeqsucc
\updownarrow
\blacksquare
\backepsilon
\Updownarrow
\diamondsuit
\nrightarrow
\curlyeqprec
\preccurlyeq
\precnapprox
\vartriangle
\eqslantless
\restriction
\nRightarrow
\succnapprox
\Rrightarrow
\circleddash
\succcurlyeq
\lesseqqgtr
\eqslantgtr
\nsubseteqq
\Lleftarrow
\sqsubseteq
\curlywedge
\subsetneqq
\rmoustache
\circledast
\rightarrow
\nLeftarrow
\precapprox
\gtreqqless
\lmoustache
\underbrace
\varepsilon
\varnothing
\nsupseteqq
\sqsupseteq
\smallsmile
\supsetneqq
\upuparrows
\Rightarrow
\smallfrown
\longmapsto
\nleftarrow
\succapprox
\complement
\lessapprox
\checkmark
\backslash
\supseteqq
\nsupseteq
\subseteqq
\subsetneq
\doublecap
\bigotimes
\lvertneqq
\backprime
\nsubseteq
\pitchfork
\leftarrow
\nshortmid
\downarrow
\therefore
\doublecup
\Leftarrow
\spadesuit
\supsetneq
\gtreqless
\lesseqgtr
\nparallel
\gtrapprox
\Downarrow
\nleqslant
\backsimeq
\gvertneqq
\varpropto
\triangleq
\underline
\overbrace
\widetilde
\heartsuit
\ngeqslant
\centerdot
\parallel
\boxtimes
\bigsqcup
\emptyset
\doteqdot
\gnapprox
\leqslant
\urcorner
\sqsupset
\lnapprox
\succneqq
\boxminus
\clubsuit
\bigwedge
\shortmid
\geqslant
\approxeq
\precneqq
\circledR
\overline
\ulcorner
\precnsim
\varsigma
\supseteq
\diagdown
\multimap
\varkappa
\lrcorner
\thicksim
\circledS
\curlyvee
\vartheta
\barwedge
\succnsim
\triangle
\bigoplus
\setminus
\llcorner
\sqsubset
\subseteq
\smallint
\intercal
\biguplus
\diamond
\enspace
\leadsto
\npreceq
\maltese
\dotplus
\succsim
\omicron
\lessdot
\upsilon
\gtrless
\natural
\bigcirc
\swarrow
\boxplus
\lesssim
\Upsilon
\uparrow
\backsim
\ddagger
\nearrow
\nsucceq
\searrow
\bigodot
\Diamond
\between
\Uparrow
\nwarrow
\nexists
\lessgtr
\digamma
\precsim
\partial
\because
\widehat
\lozenge
\epsilon
\bigstar
\coprod
\bigcap
\bigvee
\lbrack
\circeq
\rbrace
\arcsin
\oslash
\exists
\eqcirc
\rtimes
\rgroup
\gtrsim
\arctan
\ominus
\lbrace
\lambda
\Lambda
\daleth
\gtrdot
\lgroup
\liminf
\nVdash
\rfloor
\forall
\varrho
\nvDash
\llless
\pounds
\nVDash
\rangle
\bumpeq
\Bumpeq
\mapsto
\degree
\veebar
\approx
\hslash
\supset
\Supset
\ltimes
\boxdot
\bigcup
\langle
\bullet
\nvdash
\bowtie
\square
\dagger
\Vvdash
\limsup
\subset
\models
\preceq
\arccos
\lfloor
\succeq
\propto
\otimes
\rbrack
\iiiint
\Subset
\varphi
\diagup
\jmath
\lnsim
\iiint
\cdots
\simeq
\lneqq
\tilde
\eqsim
\rceil
\acute
\gggtr
\equiv
\nprec
\angle
\ncong
\alpha
\Doteq
\ddots
\uplus
\gneqq
\theta
\imath
\sqcap
\gimel
\ldotp
\qquad
\check
\lceil
\Sigma
\infty
\unrhd
\lvert
\doteq
\cdotp
\amalg
\breve
\unlhd
\frown
\varpi
\delta
\vdots
\Omega
\gamma
\rvert
\kappa
\aleph
\vdash
\sqcup
\nless
\wedge
\ldots
\rVert
\prime
\Gamma
\times
\dashv
\smile
\intop
\nleqq
\right
\grave
\colon
\sigma
\gnsim
\oplus
\sharp
\space
\lVert
\nabla
\Delta
\ngeqq
\Vdash
\omega
\Theta
\vDash
\asymp
\nsucc
\notin
\Bigg[
\Bigg]
\nmid
\Vert
\star
\succ
\oint
\perp
\ddot
\surd
\coth
\lneq
\sqrt
\nleq
\beta
\flat
\tanh
\ddag
\land
\sinh
\quad
\lnot
\nsim
\cdot
\over
\circ
\vert
\prod
\ngeq
\owns
\zeta
\ngtr
\Finv
\Game
\gets
\prec
\beth
\hbar
\iint
\odot
\Join
\cong
\cosh
\geqq
\Bbbk
\gneq
\frac
\leqq
\iota
\Big[
\Big]
\Big)
\Big(
\dag
\eth
\eos
\neg
\bar
\min
\Cup
\eta
\geq
\inf
\chi
\lor
\hom
\vec
\cos
\leq
\ker
\int
\div
\ell
\rho
\bot
\tan
\exp
\lhd
\arg
\Box
\cap
\cal
\mid
\log
\sup
\phi
\deg
\Lsh
\sim
\cup
\dim
\mho
\top
\Cap
\sum
\ggg
\lll
\lim
\dot
\Phi
\sec
\vee
\psi
\sin
\rhd
\Psi
\det
\tau
\max
\gcd
\Rsh
\ast
\neq
\csc
\cot
\yen
\hat
\pi
\ni
\mp
\le
\gt
\ne
\sp
\wr
\ge
\ll
\Re
\wp
\ln
\lg
\nu
\to
\Xi
\lt
\Pi
\vec
\Pr
\xi
\in
\bf
\gg
\pm
\mu
\Im
\,
\%
\;
\!
\:
\&
\_
\{
\|
\#
\$
\}
\
G
:
U
-
t
{
}
g
Z
M
@
&
m
`
F
9
,
s
Y
W
L
2
y
l
_
f
R
E
8
r
e
X
K
>
1
x
Q
?
7
*
q
d
N
J
=
0
+
w
j
z
]
3
C
6
)
k
p
c
^
V
I
<
~
/
P
v
"
i
5
O
B
(
|
o
n
b
H
;
.
u
S
!
h
[
D
A
4
'
a
T
